<?xml version="1.0" encoding="UTF-8"?>
<testsuite name="Tests" tests="1" skipped="0" failures="0" errors="0" timestamp="2020-12-28T05:13:20" hostname="Brian.local" time="0.452">
  <properties/>
  <testcase name="start" classname="Tests" time="0.452"/>
  <system-out><![CDATA[?[1;31m
Start test 1?[0m
> /output "SubwayLink"
depot  
Owings Mills
Old Court
Milford Mill
Reiserstown Plaza
Rogers Avenue
West Cold Spring
Mondawmin
Penn North
Uptown
State Center
Lexington Market
Charles Center
Shot Tower/Market Place
Johns Hopkins Hospital
depot
?[1;31m
Start test 2?[0m
> /output "m1"
depot  
Renes—Gare
Epenex
Crochy
Cerisaie
Bassenges
EPFL
UNL—Sorge
Mouline
UNL—Chemberonne
Bourdonnette
Melley
Provence
Montelly
Vigie
Lausanne—Flon
depot
> /output "m2"
depot  
Croisettes
Vennes
Fourmi
Sallaz
CHUV
Ours
Riponne M.Bejart
Bessieres
Lausanne—Flon
Lausanne Gare CFF
Grancy
Delices
Jourdils
Ouchy—Olympique
depot
?[1;31m
Start test 3?[0m
> /append "m1" "Test station 1"
> /output "m1"
depot  
Renes—Gare
Epenex
Crochy
Cerisaie
Bassenges
EPFL
UNL—Sorge
Mouline
UNL—Chemberonne
Bourdonnette
Melley
Provence
Montelly
Vigie
Lausanne—Flon
Test station 1
depot
> /append "m1" "Test station 2"
> /output "m1"
depot  
Renes—Gare
Epenex
Crochy
Cerisaie
Bassenges
EPFL
UNL—Sorge
Mouline
UNL—Chemberonne
Bourdonnette
Melley
Provence
Montelly
Vigie
Lausanne—Flon
Test station 1
Test station 2
depot
> /add-head "m1" "Head"
> /output "m1"
depot  
Head
Renes—Gare
Epenex
Crochy
Cerisaie
Bassenges
EPFL
UNL—Sorge
Mouline
UNL—Chemberonne
Bourdonnette
Melley
Provence
Montelly
Vigie
Lausanne—Flon
Test station 1
Test station 2
depot
?[1;31m
Start test 4?[0m
error
?[1;31m
Start test 5?[0m
> /output "Linka A"
depot  
Nemocnice Motol
Petriny
Nadrazi Veleslavin
Borislavka
Dejvicka
Hradcanska
Malostranska
Staromestska
"Mustek" - Muste k (Linka B line)
"Muzeum" - Muzeum (Linka C line)
Namesti Miru
Jiriho z Podebrad
Flora
Zelivskeho
Strasnicka
Skalka
Depo Hostivar
depot
?[1;31m
Start test 6?[0m
> /connect "Linka C" "I.P.Pavlova" "Linka A" "Petriny"
> /output "Linka A"
depot  
Nemocnice Motol
"Petriny" - I.P.Pavlova (Linka C line)
Nadrazi Veleslavin
Borislavka
Dejvicka
Hradcanska
Malostranska
Staromestska
"Mustek" - Muste k (Linka B line)
"Muzeum" - Muzeum (Linka C line)
Namesti Miru
Jiriho z Podebrad
Flora
Zelivskeho
Strasnicka
Skalka
Depo Hostivar
depot
]]></system-out>
  <system-err><![CDATA[]]></system-err>
</testsuite>
